Build started 06/06/2016 19:42:13.
     1>Project "C:\Users\terabin\Desktop\Wing MMORPG Maker\Wing-MMORPG-Maker\WOM32 DLL\WOM32\WOM32.vcxproj" on node 2 (build target(s)).
     1>InitializeBuildStatus:
         Creating "Debug\WOM32.unsuccessfulbuild" because "AlwaysCreate" was specified.
       ClCompile:
         C:\Program Files (x86)\Microsoft Visual Studio 10.0\VC\bin\CL.exe /c /ZI /nologo /W3 /WX- /Od /Oy- /D WIN32 /D _DEBUG /D _WINDLL /D _UNICODE /D UNICODE /Gm /EHsc /RTC1 /MT /GS /fp:precise /Zc:wchar_t /Zc:forScope /Yc"StdAfx.h" /Fp"Debug\WOM32.pch" /Fo"Debug\\" /Fd"Debug\vc100.pdb" /Gd /TP /analyze- /errorReport:prompt Stdafx.cpp
         Stdafx.cpp
         C:\Program Files (x86)\Microsoft Visual Studio 10.0\VC\bin\CL.exe /c /ZI /nologo /W3 /WX- /Od /Oy- /D WIN32 /D _DEBUG /D _WINDLL /D _UNICODE /D UNICODE /Gm /EHsc /RTC1 /MT /GS /fp:precise /Zc:wchar_t /Zc:forScope /Yu"StdAfx.h" /Fp"Debug\WOM32.pch" /Fo"Debug\\" /Fd"Debug\vc100.pdb" /Gd /TP /analyze- /errorReport:prompt AssemblyInfo.cpp WOM32.cpp
         WOM32.cpp
         AssemblyInfo.cpp
         Generating Code...
       ResourceCompile:
         C:\Program Files (x86)\Microsoft SDKs\Windows\v7.0A\bin\rc.exe /D _UNICODE /D UNICODE /l"0x0409" /nologo /fo"Debug\app.res" app.rc 
       ManifestResourceCompile:
         C:\Program Files (x86)\Microsoft SDKs\Windows\v7.0A\bin\rc.exe /nologo /fo"Debug\WOM32.dll.embed.manifest.res" Debug\WOM32_manifest.rc 
       Link:
         C:\Program Files (x86)\Microsoft Visual Studio 10.0\VC\bin\link.exe /ERRORREPORT:PROMPT /OUT:"C:\Users\terabin\Desktop\Wing MMORPG Maker\Wing-MMORPG-Maker\WOM32 DLL\Debug\WOM32.dll" /INCREMENTAL /NOLOGO /MANIFEST /ManifestFile:"Debug\WOM32.dll.intermediate.manifest" /MANIFESTUAC:"level='asInvoker' uiAccess='false'" /DEBUG /PDB:"C:\Users\terabin\Desktop\Wing MMORPG Maker\Wing-MMORPG-Maker\WOM32 DLL\Debug\WOM32.pdb" /TLBID:1 /DYNAMICBASE /NXCOMPAT /IMPLIB:"C:\Users\terabin\Desktop\Wing MMORPG Maker\Wing-MMORPG-Maker\WOM32 DLL\Debug\WOM32.lib" /MACHINE:X86 /DLL Debug\app.res
         Debug\WOM32.dll.embed.manifest.res
         Debug\AssemblyInfo.obj
         Debug\Stdafx.obj
         Debug\WOM32.obj
            Creating library C:\Users\terabin\Desktop\Wing MMORPG Maker\Wing-MMORPG-Maker\WOM32 DLL\Debug\WOM32.lib and object C:\Users\terabin\Desktop\Wing MMORPG Maker\Wing-MMORPG-Maker\WOM32 DLL\Debug\WOM32.exp
       Manifest:
         Deleting file "Debug\WOM32.dll.embed.manifest".
         C:\Program Files (x86)\Microsoft SDKs\Windows\v7.0A\bin\mt.exe /nologo /verbose /out:"Debug\WOM32.dll.embed.manifest" /manifest Debug\WOM32.dll.intermediate.manifest
         C:\Program Files (x86)\Microsoft SDKs\Windows\v7.0A\bin\rc.exe /nologo /fo"Debug\WOM32.dll.embed.manifest.res" Debug\WOM32_manifest.rc 
       LinkEmbedManifest:
         C:\Program Files (x86)\Microsoft Visual Studio 10.0\VC\bin\link.exe /ERRORREPORT:PROMPT /OUT:"C:\Users\terabin\Desktop\Wing MMORPG Maker\Wing-MMORPG-Maker\WOM32 DLL\Debug\WOM32.dll" /INCREMENTAL /NOLOGO /MANIFEST /ManifestFile:"Debug\WOM32.dll.intermediate.manifest" /MANIFESTUAC:"level='asInvoker' uiAccess='false'" /DEBUG /PDB:"C:\Users\terabin\Desktop\Wing MMORPG Maker\Wing-MMORPG-Maker\WOM32 DLL\Debug\WOM32.pdb" /TLBID:1 /DYNAMICBASE /NXCOMPAT /IMPLIB:"C:\Users\terabin\Desktop\Wing MMORPG Maker\Wing-MMORPG-Maker\WOM32 DLL\Debug\WOM32.lib" /MACHINE:X86 /DLL Debug\app.res
         Debug\WOM32.dll.embed.manifest.res
         Debug\AssemblyInfo.obj
         Debug\Stdafx.obj
         Debug\WOM32.obj
         WOM32.vcxproj -> C:\Users\terabin\Desktop\Wing MMORPG Maker\Wing-MMORPG-Maker\WOM32 DLL\Debug\WOM32.dll
       FinalizeBuildStatus:
         Deleting file "Debug\WOM32.unsuccessfulbuild".
         Touching "Debug\WOM32.lastbuildstate".
     1>Done Building Project "C:\Users\terabin\Desktop\Wing MMORPG Maker\Wing-MMORPG-Maker\WOM32 DLL\WOM32\WOM32.vcxproj" (build target(s)).

Build succeeded.

Time Elapsed 00:00:08.40
